Running in Lattice mode


Starting:    C:\lscc\iCEcube2.2017.08\synpbase\bin64\mbin\synbatch.exe
Install:     C:\lscc\iCEcube2.2017.08\synpbase
Hostname:    localhost
Date:        Sun Dec 30 20:02:24 2018
Version:     L-2016.09L+ice40

Arguments:   -product synplify_pro -batch counter_iCEcube2_syn.prj
ProductType: synplify_pro





auto_infer_blackbox is not supported in current product.

log file: "Z:\home\jota\Documents\RTL\Counter\counter_iCEcube2\counter_iCEcube2\counter_iCEcube2_Implmnt\counter_iCEcube2.srr"

Running: counter_iCEcube2_Implmnt in foreground



Running counter_iCEcube2_syn|counter_iCEcube2_Implmnt


Running: compile (Compile) on counter_iCEcube2_syn|counter_iCEcube2_Implmnt
# Sun Dec 30 20:02:24 2018


Running: compile_flow (Compile Process) on counter_iCEcube2_syn|counter_iCEcube2_Implmnt
# Sun Dec 30 20:02:24 2018


Running: compiler (Compile Input) on counter_iCEcube2_syn|counter_iCEcube2_Implmnt
# Sun Dec 30 20:02:24 2018


compiler completed
# Sun Dec 30 20:02:24 2018

Return Code: 0
Run Time:00h:00m:00s


Running: multi_srs_gen (Multi-srs Generator) on counter_iCEcube2_syn|counter_iCEcube2_Implmnt
# Sun Dec 30 20:02:24 2018

Up-To-Date: multi_srs_gen. No run necessary

Complete: Compile Process on counter_iCEcube2_syn|counter_iCEcube2_Implmnt


Running: premap (Pre-mapping) on counter_iCEcube2_syn|counter_iCEcube2_Implmnt
# Sun Dec 30 20:02:24 2018


premap completed with warnings
# Sun Dec 30 20:02:25 2018

Return Code: 1
Run Time:00h:00m:01s

Complete: Compile on counter_iCEcube2_syn|counter_iCEcube2_Implmnt


Running: map (Map) on counter_iCEcube2_syn|counter_iCEcube2_Implmnt
# Sun Dec 30 20:02:25 2018

License granted for 4 parallel jobs


Running: fpga_mapper (Map & Optimize) on counter_iCEcube2_syn|counter_iCEcube2_Implmnt
# Sun Dec 30 20:02:25 2018

Copied Z:\home\jota\Documents\RTL\Counter\counter_iCEcube2\counter_iCEcube2\counter_iCEcube2_Implmnt\synwork\counter_iCEcube2_m.srm to Z:\home\jota\Documents\RTL\Counter\counter_iCEcube2\counter_iCEcube2\counter_iCEcube2_Implmnt\counter_iCEcube2.srm


fpga_mapper completed with warnings
# Sun Dec 30 20:02:27 2018

Return Code: 1
Run Time:00h:00m:02s

Complete: Map on counter_iCEcube2_syn|counter_iCEcube2_Implmnt

Complete: Logic Synthesis on counter_iCEcube2_syn|counter_iCEcube2_Implmnt

exit status=0

exit status=0

